✔ [8248/8275] Built OBS.CoreBranch.EntropyCurrent (77s)
✔ [8249/8275] Built OBS.CoreBranch.PhaseDeficit (81s)
✔ [8250/8275] Built OBS.CoreBranch.WeightedCauchy (81s)
✔ [8251/8275] Built OBS.CoreBranch.AlgebraicCore (81s)
✔ [8252/8275] Built OBS.MatchedSubdivision.Basic (81s)
✔ [8253/8275] Built OBS.FullCompanion.Susceptibility (81s)
✔ [8254/8275] Built OBS.CoreBranch.FiniteWeighted (81s)
✔ [8255/8275] Built OBS.CoreBranch.EigenmodeIdentities (85s)
✔ [8256/8275] Built OBS.CoreBranch.PhaseCouplingAssembly (65s)
✔ [8257/8275] Built OBS.CoreBranch.MarkovData (61s)
✔ [8258/8275] Built OBS.CoreBranch.ThreeFactorCore (65s)
✔ [8259/8275] Built OBS.MatchedSubdivision.Stationary (65s)
✔ [8260/8275] Built OBS.MatchedSubdivision.Response (65s)
✔ [8261/8275] Built OBS.FullCompanion.LocalObstruction (68s)
✔ [8262/8275] Built OBS.MatchedSubdivision.Resistance (69s)
✔ [8263/8275] Built OBS.CoreBranch.ConcreteEdgeData (72s)
✔ [8264/8275] Built OBS.MatchedSubdivision.All (72s)
✔ [8265/8275] Built OBS.CoreBranch.ConcreteEntropy (70s)
✔ [8266/8275] Built OBS.CoreBranch.ConcreteLocalization (70s)
✔ [8267/8275] Built OBS.CoreBranch.ConcreteCauchy (73s)
✔ [8268/8275] Built OBS.CoreBranch.ConcretePhase (74s)
✔ [8269/8275] Built OBS.CoreBranch.RegressionExamples (80s)
✔ [8270/8275] Built OBS.CoreBranch.GeneratorThreeFactor (93s)
✔ [8271/8275] Built OBS.CoreBranch.PublicCore (103s)
✔ [8272/8275] Built OBS.CoreBranch.All (94s)
✔ [8273/8275] Built OBS.All (108s)
✔ [8274/8275] Built OBS (104s)
Build completed successfully (8275 jobs).
