{
  "visibility_lower": "47020348992241/1000000000000",
  "lambda_R_upper": "2885331166722723/500000000000",
  "lambda_I_lower": "5817682682437687/1000000000000",
  "leadership_gap_lower": "7945418589319/200000000000",
  "competitor_real_upper": "-5810389426392041/1000000000000",
  "entropy_contraction": {
    "ball": "[5399.55684253239984318217398888276263882347600712464102412654435849910664351621247973473474797865284015049943990183261985592632522625046869822349617868466 +/- 8.23e-150]",
    "lower": "[5399.55684253239984318217398888276263882347600712464102412654435849910664351621247973473474797865284015049943990183261985592632522625046869822349617868466 +/- 4.84e-150]",
    "upper": "[5399.55684253239984318217398888276263882347600712464102412654435849910664351621247973473474797865284015049943990183261985592632522625046869822349617868467 +/- 1.40e-150]"
  },
  "entropy_at_s_plus_upper_ball": {
    "ball": "[5288.2118156439375841004689654890801053884871227413166773334205163400501008891887702171094825468803534004269463844309079974105529775958017202401307901341 +/- 2.01e-149]",
    "lower": "[5288.21181564393758410046896548908010538848712274131667733342051634005010088918877021710948254688035340042694638443090799741055297759580172024013079013408 +/- 1.43e-151]",
    "upper": "[5288.21181564393758410046896548908010538848712274131667733342051634005010088918877021710948254688035340042694638443090799741055297759580172024013079013409 +/- 4.53e-150]"
  },
  "entropy_coarse_rational_upper": "5290",
  "Y_rational_upper": "30526803743926409340000000000000/33845431793535361284264637909969",
  "Y_upper_decimal": "0.901947534017196"
}
